Using pre-set license

 COMMAND LINE ARGUMENTS:
/Applications/2020.2.6f1/Unity.app/Contents/MacOS/Unity
-adb2
-batchMode
-noUpm
-name
AssetImportWorker0
-projectPath
/Users/gc/Platform
-logFile
Logs/AssetImportWorker0.log
-srvPort
49484
Successfully changed project path to: /Users/gc/Platform
/Users/gc/Platform
Using Asset Import Pipeline V2.
Refreshing native plugins compatible for Editor in 33.58 ms, found 1 plugins.
Preloading 0 native plugins for Editor in 0.00 ms.
Initialize engine version: 2020.2.6f1 (8a2143876886)
[Subsystems] Discovering subsystems at path /Applications/2020.2.6f1/Unity.app/Contents/Resources/UnitySubsystems
[Subsystems] Discovering subsystems at path /Users/gc/Platform/Assets
GfxDevice: creating device client; threaded=0
2021-03-10 18:29:19.536 Unity[893:12643] iMac preferred device: Intel(R) Iris(TM) Pro Graphics 6200 (low power)
2021-03-10 18:29:19.536 Unity[893:12643] Metal devices available: 1
2021-03-10 18:29:19.536 Unity[893:12643] 0: Intel(R) Iris(TM) Pro Graphics 6200 (low power)
2021-03-10 18:29:19.537 Unity[893:12643] Using device Intel(R) Iris(TM) Pro Graphics 6200 (low power)
Initializing Metal device caps: Intel(R) Iris(TM) Pro Graphics 6200
Shader 'WFX/Transparent Specular': fallback shader 'Particles/Alpha Blended' not found
Shader 'WFX/Transparent Diffuse': fallback shader 'Particles/Alpha Blended' not found
Initialize mono
Mono path[0] = '/Applications/2020.2.6f1/Unity.app/Contents/Managed'
Mono path[1] = '/Applications/2020.2.6f1/Unity.app/Contents/MonoBleedingEdge/lib/mono/unityjit'
Mono config path = '/Applications/2020.2.6f1/Unity.app/Contents/MonoBleedingEdge/etc'
Using monoOptions --debugger-agent=transport=dt_socket,embedding=1,server=y,suspend=n,address=127.0.0.1:56893
Begin MonoManager ReloadAssembly
Registering precompiled unity dll's ...
Register platform support module: /Applications/2020.2.6f1/Unity.app/Contents/PlaybackEngines/MacStandaloneSupport/UnityEditor.OSXStandalone.Extensions.dll
Registered in 0.004838 seconds.
Native extension for OSXStandalone target not found
Refreshing native plugins compatible for Editor in 32.80 ms, found 1 plugins.
Preloading 0 native plugins for Editor in 0.00 ms.
Invoked RoslynAnalysisRunner static constructor.
RoslynAnalysisRunner will not be running.
RoslynAnalysisRunner has terminated.
Mono: successfully reloaded assembly
- Completed reload, in  3.088 seconds
Platform modules already initialized, skipping
Registering precompiled user dll's ...
Registered in 0.000915 seconds.
Begin MonoManager ReloadAssembly
Native extension for OSXStandalone target not found
Refreshing native plugins compatible for Editor in 0.28 ms, found 1 plugins.
Preloading 0 native plugins for Editor in 0.00 ms.
Invoked RoslynAnalysisRunner static constructor.
RoslynAnalysisRunner will not be running.
RoslynAnalysisRunner has terminated.
Mono: successfully reloaded assembly
- Completed reload, in  1.109 seconds
Platform modules already initialized, skipping
========================================================================
Worker process is ready to serve import requests
Shader 'WFX/Transparent Specular': fallback shader 'Particles/Alpha Blended' not found
Shader 'WFX/Transparent Diffuse': fallback shader 'Particles/Alpha Blended' not found
Launching external process: /Applications/2020.2.6f1/Unity.app/Contents/Tools/UnityShaderCompiler
Launched and connected shader compiler UnityShaderCompiler after 0.02 seconds
Refreshing native plugins compatible for Editor in 0.33 ms, found 1 plugins.
Preloading 0 native plugins for Editor in 0.00 ms.
Unloading 1196 Unused Serialized files (Serialized files now loaded: 0)
System memory in use before: 119.5 MB.
System memory in use after: 119.6 MB.

Unloading 8 unused Assets to reduce memory usage. Loaded Objects now: 1649.
Total: 2.167759 ms (FindLiveObjects: 0.268331 ms CreateObjectMapping: 0.104112 ms MarkObjects: 1.767941 ms  DeleteObjects: 0.025775 ms)

========================================================================
Received Import Request.
  path: Assets/Scenes
  artifactKey: Guid(134e99ed2b3f640d886f005f9fdedab3) Importer(815301076,1909f56bfc062723c751e8b465ee728b)
Start importing Assets/Scenes using Guid(134e99ed2b3f640d886f005f9fdedab3) Importer(815301076,1909f56bfc062723c751e8b465ee728b)  -> (artifact id: '912f901a6f5a163af5553440df9efe0c') in 0.003468 seconds
  Import took 0.005706 seconds .

========================================================================
Received Import Request.
  Time since last request: 4.210089 seconds.
  path: Assets/Scenes/demoMainMenu
  artifactKey: Guid(fac0a6bb771834dc4b7a530c1d3a855d) Importer(815301076,1909f56bfc062723c751e8b465ee728b)
Start importing Assets/Scenes/demoMainMenu using Guid(fac0a6bb771834dc4b7a530c1d3a855d) Importer(815301076,1909f56bfc062723c751e8b465ee728b)  -> (artifact id: '2599ebdbba64c3286349ca09100ec95c') in 0.004112 seconds
  Import took 0.006382 seconds .

========================================================================
Received Import Request.
  Time since last request: 2.456855 seconds.
  path: Assets/Scenes/demoMainMenu.unity
  artifactKey: Guid(0b80c692a025a422a93bafb341f35ec4) Importer(815301076,1909f56bfc062723c751e8b465ee728b)
Start importing Assets/Scenes/demoMainMenu.unity using Guid(0b80c692a025a422a93bafb341f35ec4) Importer(815301076,1909f56bfc062723c751e8b465ee728b)  -> (artifact id: '435e0dc0ddaa423462873a1fd904e24c') in 0.012431 seconds
  Import took 0.014838 seconds .

========================================================================
Received Prepare
Registering precompiled user dll's ...
Registered in 0.000847 seconds.
Begin MonoManager ReloadAssembly
Native extension for OSXStandalone target not found
Refreshing native plugins compatible for Editor in 0.30 ms, found 1 plugins.
Preloading 0 native plugins for Editor in 0.00 ms.
Invoked RoslynAnalysisRunner static constructor.
RoslynAnalysisRunner will not be running.
RoslynAnalysisRunner has terminated.
Mono: successfully reloaded assembly
- Completed reload, in  1.024 seconds
Platform modules already initialized, skipping
Shader 'WFX/Transparent Specular': fallback shader 'Particles/Alpha Blended' not found
Shader 'WFX/Transparent Diffuse': fallback shader 'Particles/Alpha Blended' not found
Refreshing native plugins compatible for Editor in 0.29 ms, found 1 plugins.
Preloading 0 native plugins for Editor in 0.00 ms.
Unloading 1169 Unused Serialized files (Serialized files now loaded: 0)
System memory in use before: 117.9 MB.
System memory in use after: 118.0 MB.

Unloading 4 unused Assets to reduce memory usage. Loaded Objects now: 1651.
Total: 1.779122 ms (FindLiveObjects: 0.207941 ms CreateObjectMapping: 0.051455 ms MarkObjects: 1.504325 ms  DeleteObjects: 0.014207 ms)

